{"/Users/J.Bhatt/Desktop/Personal/Projects/ASD-Zenith_Bank/client/src/App.js": {"path":"/Users/J.Bhatt/Desktop/Personal/Projects/ASD-Zenith_Bank/client/src/App.js","statementMap":{"0":{"start":{"line":13,"column":14},"end":{"line":22,"column":2}},"1":{"start":{"line":25,"column":2},"end":{"line":42,"column":4}}},"fnMap":{"0":{"name":"App","decl":{"start":{"line":24,"column":9},"end":{"line":24,"column":12}},"loc":{"start":{"line":24,"column":15},"end":{"line":43,"column":1}},"line":24}},"branchMap":{},"s":{"0":0,"1":0},"f":{"0":0},"b":{}}
,"/Users/J.Bhatt/Desktop/Personal/Projects/ASD-Zenith_Bank/client/src/BankStatement.js": {"path":"/Users/J.Bhatt/Desktop/Personal/Projects/ASD-Zenith_Bank/client/src/BankStatement.js","statementMap":{"0":{"start":{"line":10,"column":0},"end":{"line":10,"column":108}},"1":{"start":{"line":13,"column":44},"end":{"line":13,"column":58}},"2":{"start":{"line":14,"column":32},"end":{"line":14,"column":46}},"3":{"start":{"line":15,"column":28},"end":{"line":15,"column":42}},"4":{"start":{"line":16,"column":36},"end":{"line":16,"column":48}},"5":{"start":{"line":17,"column":32},"end":{"line":17,"column":44}},"6":{"start":{"line":20,"column":48},"end":{"line":20,"column":60}},"7":{"start":{"line":21,"column":34},"end":{"line":21,"column":46}},"8":{"start":{"line":22,"column":40},"end":{"line":22,"column":52}},"9":{"start":{"line":25,"column":44},"end":{"line":25,"column":59}},"10":{"start":{"line":28,"column":17},"end":{"line":28,"column":25}},"11":{"start":{"line":31,"column":31},"end":{"line":54,"column":3}},"12":{"start":{"line":32,"column":4},"end":{"line":32,"column":21}},"13":{"start":{"line":33,"column":14},"end":{"line":33,"column":37}},"14":{"start":{"line":35,"column":4},"end":{"line":37,"column":5}},"15":{"start":{"line":36,"column":6},"end":{"line":36,"column":60}},"16":{"start":{"line":39,"column":4},"end":{"line":53,"column":9}},"17":{"start":{"line":40,"column":26},"end":{"line":40,"column":41}},"18":{"start":{"line":42,"column":8},"end":{"line":47,"column":9}},"19":{"start":{"line":43,"column":10},"end":{"line":43,"column":31}},"20":{"start":{"line":45,"column":10},"end":{"line":45,"column":33}},"21":{"start":{"line":46,"column":10},"end":{"line":46,"column":55}},"22":{"start":{"line":48,"column":8},"end":{"line":48,"column":26}},"23":{"start":{"line":51,"column":8},"end":{"line":51,"column":42}},"24":{"start":{"line":52,"column":8},"end":{"line":52,"column":26}},"25":{"start":{"line":56,"column":33},"end":{"line":117,"column":3}},"26":{"start":{"line":57,"column":25},"end":{"line":57,"column":27}},"27":{"start":{"line":58,"column":28},"end":{"line":58,"column":30}},"28":{"start":{"line":59,"column":25},"end":{"line":59,"column":27}},"29":{"start":{"line":61,"column":4},"end":{"line":77,"column":7}},"30":{"start":{"line":62,"column":22},"end":{"line":62,"column":40}},"31":{"start":{"line":63,"column":20},"end":{"line":63,"column":72}},"32":{"start":{"line":65,"column":6},"end":{"line":67,"column":7}},"33":{"start":{"line":66,"column":8},"end":{"line":66,"column":32}},"34":{"start":{"line":69,"column":6},"end":{"line":73,"column":7}},"35":{"start":{"line":70,"column":8},"end":{"line":70,"column":38}},"36":{"start":{"line":72,"column":8},"end":{"line":72,"column":51}},"37":{"start":{"line":76,"column":6},"end":{"line":76,"column":50}},"38":{"start":{"line":79,"column":4},"end":{"line":90,"column":7}},"39":{"start":{"line":80,"column":43},"end":{"line":80,"column":67}},"40":{"start":{"line":92,"column":4},"end":{"line":103,"column":7}},"41":{"start":{"line":93,"column":46},"end":{"line":93,"column":70}},"42":{"start":{"line":105,"column":4},"end":{"line":116,"column":7}},"43":{"start":{"line":120,"column":2},"end":{"line":122,"column":9}},"44":{"start":{"line":121,"column":4},"end":{"line":121,"column":27}},"45":{"start":{"line":125,"column":23},"end":{"line":131,"column":3}},"46":{"start":{"line":126,"column":4},"end":{"line":130,"column":5}},"47":{"start":{"line":127,"column":6},"end":{"line":127,"column":47}},"48":{"start":{"line":129,"column":6},"end":{"line":129,"column":55}},"49":{"start":{"line":134,"column":33},"end":{"line":136,"column":3}},"50":{"start":{"line":135,"column":4},"end":{"line":135,"column":38}},"51":{"start":{"line":135,"column":31},"end":{"line":135,"column":36}},"52":{"start":{"line":139,"column":22},"end":{"line":165,"column":3}},"53":{"start":{"line":140,"column":18},"end":{"line":140,"column":32}},"54":{"start":{"line":142,"column":4},"end":{"line":164,"column":7}},"55":{"start":{"line":143,"column":22},"end":{"line":143,"column":51}},"56":{"start":{"line":144,"column":18},"end":{"line":144,"column":29}},"57":{"start":{"line":145,"column":23},"end":{"line":145,"column":26}},"58":{"start":{"line":146,"column":25},"end":{"line":146,"column":53}},"59":{"start":{"line":147,"column":24},"end":{"line":147,"column":65}},"60":{"start":{"line":148,"column":23},"end":{"line":148,"column":32}},"61":{"start":{"line":150,"column":21},"end":{"line":150,"column":22}},"62":{"start":{"line":153,"column":6},"end":{"line":153,"column":70}},"63":{"start":{"line":154,"column":6},"end":{"line":154,"column":31}},"64":{"start":{"line":156,"column":6},"end":{"line":161,"column":7}},"65":{"start":{"line":157,"column":8},"end":{"line":157,"column":42}},"66":{"start":{"line":158,"column":8},"end":{"line":158,"column":22}},"67":{"start":{"line":159,"column":8},"end":{"line":159,"column":72}},"68":{"start":{"line":160,"column":8},"end":{"line":160,"column":33}},"69":{"start":{"line":163,"column":6},"end":{"line":163,"column":37}},"70":{"start":{"line":167,"column":2},"end":{"line":173,"column":3}},"71":{"start":{"line":168,"column":4},"end":{"line":172,"column":6}},"72":{"start":{"line":175,"column":2},"end":{"line":183,"column":3}},"73":{"start":{"line":176,"column":4},"end":{"line":182,"column":6}},"74":{"start":{"line":185,"column":2},"end":{"line":330,"column":4}},"75":{"start":{"line":249,"column":29},"end":{"line":249,"column":57}},"76":{"start":{"line":259,"column":29},"end":{"line":259,"column":55}},"77":{"start":{"line":275,"column":16},"end":{"line":281,"column":21}}},"fnMap":{"0":{"name":"BankStatement","decl":{"start":{"line":12,"column":9},"end":{"line":12,"column":22}},"loc":{"start":{"line":12,"column":25},"end":{"line":331,"column":1}},"line":12},"1":{"name":"(anonymous_1)","decl":{"start":{"line":31,"column":31},"end":{"line":31,"column":32}},"loc":{"start":{"line":31,"column":65},"end":{"line":54,"column":3}},"line":31},"2":{"name":"(anonymous_2)","decl":{"start":{"line":40,"column":12},"end":{"line":40,"column":13}},"loc":{"start":{"line":40,"column":26},"end":{"line":40,"column":41}},"line":40},"3":{"name":"(anonymous_3)","decl":{"start":{"line":41,"column":12},"end":{"line":41,"column":13}},"loc":{"start":{"line":41,"column":22},"end":{"line":49,"column":7}},"line":41},"4":{"name":"(anonymous_4)","decl":{"start":{"line":50,"column":13},"end":{"line":50,"column":14}},"loc":{"start":{"line":50,"column":22},"end":{"line":53,"column":7}},"line":50},"5":{"name":"(anonymous_5)","decl":{"start":{"line":56,"column":33},"end":{"line":56,"column":34}},"loc":{"start":{"line":56,"column":43},"end":{"line":117,"column":3}},"line":56},"6":{"name":"(anonymous_6)","decl":{"start":{"line":61,"column":17},"end":{"line":61,"column":18}},"loc":{"start":{"line":61,"column":26},"end":{"line":77,"column":5}},"line":61},"7":{"name":"(anonymous_7)","decl":{"start":{"line":80,"column":31},"end":{"line":80,"column":32}},"loc":{"start":{"line":80,"column":43},"end":{"line":80,"column":67}},"line":80},"8":{"name":"(anonymous_8)","decl":{"start":{"line":93,"column":34},"end":{"line":93,"column":35}},"loc":{"start":{"line":93,"column":46},"end":{"line":93,"column":70}},"line":93},"9":{"name":"(anonymous_9)","decl":{"start":{"line":120,"column":12},"end":{"line":120,"column":13}},"loc":{"start":{"line":120,"column":18},"end":{"line":122,"column":3}},"line":120},"10":{"name":"(anonymous_10)","decl":{"start":{"line":125,"column":23},"end":{"line":125,"column":24}},"loc":{"start":{"line":125,"column":29},"end":{"line":131,"column":3}},"line":125},"11":{"name":"(anonymous_11)","decl":{"start":{"line":134,"column":33},"end":{"line":134,"column":34}},"loc":{"start":{"line":134,"column":39},"end":{"line":136,"column":3}},"line":134},"12":{"name":"(anonymous_12)","decl":{"start":{"line":135,"column":21},"end":{"line":135,"column":22}},"loc":{"start":{"line":135,"column":31},"end":{"line":135,"column":36}},"line":135},"13":{"name":"(anonymous_13)","decl":{"start":{"line":139,"column":22},"end":{"line":139,"column":23}},"loc":{"start":{"line":139,"column":28},"end":{"line":165,"column":3}},"line":139},"14":{"name":"(anonymous_14)","decl":{"start":{"line":142,"column":42},"end":{"line":142,"column":43}},"loc":{"start":{"line":142,"column":54},"end":{"line":164,"column":5}},"line":142},"15":{"name":"(anonymous_15)","decl":{"start":{"line":249,"column":22},"end":{"line":249,"column":23}},"loc":{"start":{"line":249,"column":29},"end":{"line":249,"column":57}},"line":249},"16":{"name":"(anonymous_16)","decl":{"start":{"line":259,"column":22},"end":{"line":259,"column":23}},"loc":{"start":{"line":259,"column":29},"end":{"line":259,"column":55}},"line":259},"17":{"name":"(anonymous_17)","decl":{"start":{"line":274,"column":49},"end":{"line":274,"column":50}},"loc":{"start":{"line":275,"column":16},"end":{"line":281,"column":21}},"line":275}},"branchMap":{"0":{"loc":{"start":{"line":31,"column":32},"end":{"line":31,"column":46}},"type":"default-arg","locations":[{"start":{"line":31,"column":44},"end":{"line":31,"column":46}}],"line":31},"1":{"loc":{"start":{"line":31,"column":48},"end":{"line":31,"column":60}},"type":"default-arg","locations":[{"start":{"line":31,"column":58},"end":{"line":31,"column":60}}],"line":31},"2":{"loc":{"start":{"line":35,"column":4},"end":{"line":37,"column":5}},"type":"if","locations":[{"start":{"line":35,"column":4},"end":{"line":37,"column":5}},{"start":{},"end":{}}],"line":35},"3":{"loc":{"start":{"line":35,"column":8},"end":{"line":35,"column":28}},"type":"binary-expr","locations":[{"start":{"line":35,"column":8},"end":{"line":35,"column":17}},{"start":{"line":35,"column":21},"end":{"line":35,"column":28}}],"line":35},"4":{"loc":{"start":{"line":42,"column":8},"end":{"line":47,"column":9}},"type":"if","locations":[{"start":{"line":42,"column":8},"end":{"line":47,"column":9}},{"start":{"line":44,"column":15},"end":{"line":47,"column":9}}],"line":42},"5":{"loc":{"start":{"line":65,"column":6},"end":{"line":67,"column":7}},"type":"if","locations":[{"start":{"line":65,"column":6},"end":{"line":67,"column":7}},{"start":{},"end":{}}],"line":65},"6":{"loc":{"start":{"line":69,"column":6},"end":{"line":73,"column":7}},"type":"if","locations":[{"start":{"line":69,"column":6},"end":{"line":73,"column":7}},{"start":{"line":71,"column":13},"end":{"line":73,"column":7}}],"line":69},"7":{"loc":{"start":{"line":126,"column":4},"end":{"line":130,"column":5}},"type":"if","locations":[{"start":{"line":126,"column":4},"end":{"line":130,"column":5}},{"start":{"line":128,"column":11},"end":{"line":130,"column":5}}],"line":126},"8":{"loc":{"start":{"line":126,"column":8},"end":{"line":126,"column":28}},"type":"binary-expr","locations":[{"start":{"line":126,"column":8},"end":{"line":126,"column":17}},{"start":{"line":126,"column":21},"end":{"line":126,"column":28}}],"line":126},"9":{"loc":{"start":{"line":167,"column":2},"end":{"line":173,"column":3}},"type":"if","locations":[{"start":{"line":167,"column":2},"end":{"line":173,"column":3}},{"start":{},"end":{}}],"line":167},"10":{"loc":{"start":{"line":175,"column":2},"end":{"line":183,"column":3}},"type":"if","locations":[{"start":{"line":175,"column":2},"end":{"line":183,"column":3}},{"start":{},"end":{}}],"line":175},"11":{"loc":{"start":{"line":270,"column":11},"end":{"line":284,"column":11}},"type":"cond-expr","locations":[{"start":{"line":271,"column":12},"end":{"line":271,"column":63}},{"start":{"line":273,"column":12},"end":{"line":283,"column":17}}],"line":270},"12":{"loc":{"start":{"line":298,"column":13},"end":{"line":298,"column":58}},"type":"cond-expr","locations":[{"start":{"line":298,"column":29},"end":{"line":298,"column":42}},{"start":{"line":298,"column":45},"end":{"line":298,"column":58}}],"line":298},"13":{"loc":{"start":{"line":301,"column":11},"end":{"line":318,"column":11}},"type":"binary-expr","locations":[{"start":{"line":301,"column":11},"end":{"line":301,"column":24}},{"start":{"line":302,"column":12},"end":{"line":317,"column":15}}],"line":301}},"s":{"0":0,"1":0,"2":0,"3":0,"4":0,"5":0,"6":0,"7":0,"8":0,"9":0,"10":0,"11":0,"12":0,"13":0,"14":0,"15":0,"16":0,"17":0,"18":0,"19":0,"20":0,"21":0,"22":0,"23":0,"24":0,"25":0,"26":0,"27":0,"28":0,"29":0,"30":0,"31":0,"32":0,"33":0,"34":0,"35":0,"36":0,"37":0,"38":0,"39":0,"40":0,"41":0,"42":0,"43":0,"44":0,"45":0,"46":0,"47":0,"48":0,"49":0,"50":0,"51":0,"52":0,"53":0,"54":0,"55":0,"56":0,"57":0,"58":0,"59":0,"60":0,"61":0,"62":0,"63":0,"64":0,"65":0,"66":0,"67":0,"68":0,"69":0,"70":0,"71":0,"72":0,"73":0,"74":0,"75":0,"76":0,"77":0},"f":{"0":0,"1":0,"2":0,"3":0,"4":0,"5":0,"6":0,"7":0,"8":0,"9":0,"10":0,"11":0,"12":0,"13":0,"14":0,"15":0,"16":0,"17":0},"b":{"0":[0],"1":[0],"2":[0,0],"3":[0,0],"4":[0,0],"5":[0,0],"6":[0,0],"7":[0,0],"8":[0,0],"9":[0,0],"10":[0,0],"11":[0,0],"12":[0,0],"13":[0,0]}}
,"/Users/J.Bhatt/Desktop/Personal/Projects/ASD-Zenith_Bank/client/src/CreateAccount.js": {"path":"/Users/J.Bhatt/Desktop/Personal/Projects/ASD-Zenith_Bank/client/src/CreateAccount.js","statementMap":{"0":{"start":{"line":5,"column":40},"end":{"line":5,"column":52}},"1":{"start":{"line":6,"column":32},"end":{"line":6,"column":44}},"2":{"start":{"line":8,"column":24},"end":{"line":24,"column":3}},"3":{"start":{"line":9,"column":4},"end":{"line":9,"column":23}},"4":{"start":{"line":11,"column":23},"end":{"line":14,"column":5}},"5":{"start":{"line":16,"column":4},"end":{"line":23,"column":5}},"6":{"start":{"line":17,"column":23},"end":{"line":17,"column":74}},"7":{"start":{"line":18,"column":6},"end":{"line":20,"column":7}},"8":{"start":{"line":19,"column":8},"end":{"line":19,"column":47}},"9":{"start":{"line":22,"column":6},"end":{"line":22,"column":71}},"10":{"start":{"line":26,"column":2},"end":{"line":55,"column":4}},"11":{"start":{"line":34,"column":29},"end":{"line":34,"column":59}},"12":{"start":{"line":48,"column":29},"end":{"line":48,"column":55}}},"fnMap":{"0":{"name":"CreateAccount","decl":{"start":{"line":4,"column":9},"end":{"line":4,"column":22}},"loc":{"start":{"line":4,"column":25},"end":{"line":56,"column":1}},"line":4},"1":{"name":"(anonymous_1)","decl":{"start":{"line":8,"column":24},"end":{"line":8,"column":25}},"loc":{"start":{"line":8,"column":37},"end":{"line":24,"column":3}},"line":8},"2":{"name":"(anonymous_2)","decl":{"start":{"line":34,"column":22},"end":{"line":34,"column":23}},"loc":{"start":{"line":34,"column":29},"end":{"line":34,"column":59}},"line":34},"3":{"name":"(anonymous_3)","decl":{"start":{"line":48,"column":22},"end":{"line":48,"column":23}},"loc":{"start":{"line":48,"column":29},"end":{"line":48,"column":55}},"line":48}},"branchMap":{"0":{"loc":{"start":{"line":18,"column":6},"end":{"line":20,"column":7}},"type":"if","locations":[{"start":{"line":18,"column":6},"end":{"line":20,"column":7}},{"start":{},"end":{}}],"line":18}},"s":{"0":0,"1":0,"2":0,"3":0,"4":0,"5":0,"6":0,"7":0,"8":0,"9":0,"10":0,"11":0,"12":0},"f":{"0":0,"1":0,"2":0,"3":0},"b":{"0":[0,0]}}
,"/Users/J.Bhatt/Desktop/Personal/Projects/ASD-Zenith_Bank/client/src/Home.js": {"path":"/Users/J.Bhatt/Desktop/Personal/Projects/ASD-Zenith_Bank/client/src/Home.js","statementMap":{"0":{"start":{"line":11,"column":19},"end":{"line":17,"column":3}},"1":{"start":{"line":11,"column":48},"end":{"line":17,"column":1}},"2":{"start":{"line":20,"column":2},"end":{"line":185,"column":4}}},"fnMap":{"0":{"name":"(anonymous_0)","decl":{"start":{"line":11,"column":32},"end":{"line":11,"column":33}},"loc":{"start":{"line":11,"column":48},"end":{"line":17,"column":1}},"line":11},"1":{"name":"Home","decl":{"start":{"line":19,"column":9},"end":{"line":19,"column":13}},"loc":{"start":{"line":19,"column":16},"end":{"line":186,"column":1}},"line":19}},"branchMap":{},"s":{"0":0,"1":0,"2":0},"f":{"0":0,"1":0},"b":{}}
,"/Users/J.Bhatt/Desktop/Personal/Projects/ASD-Zenith_Bank/client/src/MonthlyStatement.js": {"path":"/Users/J.Bhatt/Desktop/Personal/Projects/ASD-Zenith_Bank/client/src/MonthlyStatement.js","statementMap":{"0":{"start":{"line":8,"column":15},"end":{"line":8,"column":137}},"1":{"start":{"line":11,"column":44},"end":{"line":11,"column":63}},"2":{"start":{"line":12,"column":42},"end":{"line":12,"column":54}},"3":{"start":{"line":13,"column":19},"end":{"line":13,"column":32}},"4":{"start":{"line":16,"column":28},"end":{"line":25,"column":3}},"5":{"start":{"line":17,"column":4},"end":{"line":24,"column":5}},"6":{"start":{"line":18,"column":23},"end":{"line":20,"column":8}},"7":{"start":{"line":21,"column":6},"end":{"line":21,"column":37}},"8":{"start":{"line":23,"column":6},"end":{"line":23,"column":58}},"9":{"start":{"line":27,"column":2},"end":{"line":29,"column":22}},"10":{"start":{"line":28,"column":4},"end":{"line":28,"column":37}},"11":{"start":{"line":32,"column":22},"end":{"line":32,"column":116}},"12":{"start":{"line":32,"column":51},"end":{"line":32,"column":73}},"13":{"start":{"line":32,"column":96},"end":{"line":32,"column":112}},"14":{"start":{"line":33,"column":24},"end":{"line":33,"column":121}},"15":{"start":{"line":33,"column":53},"end":{"line":33,"column":78}},"16":{"start":{"line":33,"column":101},"end":{"line":33,"column":117}},"17":{"start":{"line":36,"column":24},"end":{"line":54,"column":3}},"18":{"start":{"line":37,"column":38},"end":{"line":37,"column":46}},"19":{"start":{"line":41,"column":43},"end":{"line":41,"column":65}},"20":{"start":{"line":41,"column":80},"end":{"line":41,"column":90}},"21":{"start":{"line":48,"column":43},"end":{"line":48,"column":68}},"22":{"start":{"line":48,"column":83},"end":{"line":48,"column":93}},"23":{"start":{"line":57,"column":23},"end":{"line":65,"column":3}},"24":{"start":{"line":58,"column":50},"end":{"line":58,"column":62}},"25":{"start":{"line":61,"column":40},"end":{"line":61,"column":50}},"26":{"start":{"line":67,"column":2},"end":{"line":141,"column":4}},"27":{"start":{"line":74,"column":64},"end":{"line":74,"column":76}},"28":{"start":{"line":81,"column":55},"end":{"line":81,"column":87}},"29":{"start":{"line":83,"column":12},"end":{"line":85,"column":23}},"30":{"start":{"line":129,"column":12},"end":{"line":136,"column":18}}},"fnMap":{"0":{"name":"MonthlyStatement","decl":{"start":{"line":10,"column":9},"end":{"line":10,"column":25}},"loc":{"start":{"line":10,"column":38},"end":{"line":142,"column":1}},"line":10},"1":{"name":"(anonymous_1)","decl":{"start":{"line":16,"column":28},"end":{"line":16,"column":29}},"loc":{"start":{"line":16,"column":45},"end":{"line":25,"column":3}},"line":16},"2":{"name":"(anonymous_2)","decl":{"start":{"line":27,"column":12},"end":{"line":27,"column":13}},"loc":{"start":{"line":27,"column":18},"end":{"line":29,"column":3}},"line":27},"3":{"name":"(anonymous_3)","decl":{"start":{"line":32,"column":42},"end":{"line":32,"column":43}},"loc":{"start":{"line":32,"column":51},"end":{"line":32,"column":73}},"line":32},"4":{"name":"(anonymous_4)","decl":{"start":{"line":32,"column":82},"end":{"line":32,"column":83}},"loc":{"start":{"line":32,"column":96},"end":{"line":32,"column":112}},"line":32},"5":{"name":"(anonymous_5)","decl":{"start":{"line":33,"column":44},"end":{"line":33,"column":45}},"loc":{"start":{"line":33,"column":53},"end":{"line":33,"column":78}},"line":33},"6":{"name":"(anonymous_6)","decl":{"start":{"line":33,"column":87},"end":{"line":33,"column":88}},"loc":{"start":{"line":33,"column":101},"end":{"line":33,"column":117}},"line":33},"7":{"name":"(anonymous_7)","decl":{"start":{"line":37,"column":29},"end":{"line":37,"column":30}},"loc":{"start":{"line":37,"column":38},"end":{"line":37,"column":46}},"line":37},"8":{"name":"(anonymous_8)","decl":{"start":{"line":41,"column":34},"end":{"line":41,"column":35}},"loc":{"start":{"line":41,"column":43},"end":{"line":41,"column":65}},"line":41},"9":{"name":"(anonymous_9)","decl":{"start":{"line":41,"column":71},"end":{"line":41,"column":72}},"loc":{"start":{"line":41,"column":80},"end":{"line":41,"column":90}},"line":41},"10":{"name":"(anonymous_10)","decl":{"start":{"line":48,"column":34},"end":{"line":48,"column":35}},"loc":{"start":{"line":48,"column":43},"end":{"line":48,"column":68}},"line":48},"11":{"name":"(anonymous_11)","decl":{"start":{"line":48,"column":74},"end":{"line":48,"column":75}},"loc":{"start":{"line":48,"column":83},"end":{"line":48,"column":93}},"line":48},"12":{"name":"(anonymous_12)","decl":{"start":{"line":58,"column":41},"end":{"line":58,"column":42}},"loc":{"start":{"line":58,"column":50},"end":{"line":58,"column":62}},"line":58},"13":{"name":"(anonymous_13)","decl":{"start":{"line":61,"column":31},"end":{"line":61,"column":32}},"loc":{"start":{"line":61,"column":40},"end":{"line":61,"column":50}},"line":61},"14":{"name":"(anonymous_14)","decl":{"start":{"line":74,"column":58},"end":{"line":74,"column":59}},"loc":{"start":{"line":74,"column":64},"end":{"line":74,"column":76}},"line":74},"15":{"name":"(anonymous_15)","decl":{"start":{"line":81,"column":48},"end":{"line":81,"column":49}},"loc":{"start":{"line":81,"column":55},"end":{"line":81,"column":87}},"line":81},"16":{"name":"(anonymous_16)","decl":{"start":{"line":82,"column":22},"end":{"line":82,"column":23}},"loc":{"start":{"line":83,"column":12},"end":{"line":85,"column":23}},"line":83},"17":{"name":"(anonymous_17)","decl":{"start":{"line":128,"column":28},"end":{"line":128,"column":29}},"loc":{"start":{"line":129,"column":12},"end":{"line":136,"column":18}},"line":129}},"branchMap":{"0":{"loc":{"start":{"line":131,"column":47},"end":{"line":131,"column":92}},"type":"cond-expr","locations":[{"start":{"line":131,"column":72},"end":{"line":131,"column":80}},{"start":{"line":131,"column":83},"end":{"line":131,"column":92}}],"line":131},"1":{"loc":{"start":{"line":133,"column":49},"end":{"line":133,"column":97}},"type":"cond-expr","locations":[{"start":{"line":133,"column":74},"end":{"line":133,"column":83}},{"start":{"line":133,"column":86},"end":{"line":133,"column":97}}],"line":133}},"s":{"0":0,"1":0,"2":0,"3":0,"4":0,"5":0,"6":0,"7":0,"8":0,"9":0,"10":0,"11":0,"12":0,"13":0,"14":0,"15":0,"16":0,"17":0,"18":0,"19":0,"20":0,"21":0,"22":0,"23":0,"24":0,"25":0,"26":0,"27":0,"28":0,"29":0,"30":0},"f":{"0":0,"1":0,"2":0,"3":0,"4":0,"5":0,"6":0,"7":0,"8":0,"9":0,"10":0,"11":0,"12":0,"13":0,"14":0,"15":0,"16":0,"17":0},"b":{"0":[0,0],"1":[0,0]}}
,"/Users/J.Bhatt/Desktop/Personal/Projects/ASD-Zenith_Bank/client/src/TransactionHistory.js": {"path":"/Users/J.Bhatt/Desktop/Personal/Projects/ASD-Zenith_Bank/client/src/TransactionHistory.js","statementMap":{"0":{"start":{"line":5,"column":2},"end":{"line":23,"column":4}},"1":{"start":{"line":8,"column":8},"end":{"line":20,"column":19}}},"fnMap":{"0":{"name":"TransactionHistory","decl":{"start":{"line":4,"column":9},"end":{"line":4,"column":27}},"loc":{"start":{"line":4,"column":46},"end":{"line":24,"column":1}},"line":4},"1":{"name":"(anonymous_1)","decl":{"start":{"line":7,"column":24},"end":{"line":7,"column":25}},"loc":{"start":{"line":8,"column":8},"end":{"line":20,"column":19}},"line":8}},"branchMap":{"0":{"loc":{"start":{"line":13,"column":19},"end":{"line":13,"column":67}},"type":"cond-expr","locations":[{"start":{"line":13,"column":45},"end":{"line":13,"column":55}},{"start":{"line":13,"column":58},"end":{"line":13,"column":67}}],"line":13},"1":{"loc":{"start":{"line":15,"column":17},"end":{"line":15,"column":68}},"type":"binary-expr","locations":[{"start":{"line":15,"column":17},"end":{"line":15,"column":40}},{"start":{"line":15,"column":44},"end":{"line":15,"column":68}}],"line":15}},"s":{"0":0,"1":0},"f":{"0":0,"1":0},"b":{"0":[0,0],"1":[0,0]}}
,"/Users/J.Bhatt/Desktop/Personal/Projects/ASD-Zenith_Bank/client/src/TransactionLogs.js": {"path":"/Users/J.Bhatt/Desktop/Personal/Projects/ASD-Zenith_Bank/client/src/TransactionLogs.js","statementMap":{"0":{"start":{"line":6,"column":26},"end":{"line":6,"column":38}},"1":{"start":{"line":7,"column":40},"end":{"line":7,"column":54}},"2":{"start":{"line":9,"column":2},"end":{"line":31,"column":9}},"3":{"start":{"line":11,"column":22},"end":{"line":28,"column":5}},"4":{"start":{"line":12,"column":6},"end":{"line":27,"column":7}},"5":{"start":{"line":13,"column":25},"end":{"line":13,"column":65}},"6":{"start":{"line":16,"column":8},"end":{"line":24,"column":9}},"7":{"start":{"line":18,"column":29},"end":{"line":20,"column":11}},"8":{"start":{"line":19,"column":22},"end":{"line":19,"column":57}},"9":{"start":{"line":21,"column":10},"end":{"line":21,"column":30}},"10":{"start":{"line":23,"column":10},"end":{"line":23,"column":70}},"11":{"start":{"line":26,"column":8},"end":{"line":26,"column":65}},"12":{"start":{"line":30,"column":4},"end":{"line":30,"column":16}},"13":{"start":{"line":33,"column":25},"end":{"line":35,"column":3}},"14":{"start":{"line":34,"column":4},"end":{"line":34,"column":53}},"15":{"start":{"line":37,"column":2},"end":{"line":63,"column":4}},"16":{"start":{"line":45,"column":12},"end":{"line":58,"column":17}},"17":{"start":{"line":45,"column":64},"end":{"line":45,"column":83}}},"fnMap":{"0":{"name":"TransactionLogs","decl":{"start":{"line":5,"column":9},"end":{"line":5,"column":24}},"loc":{"start":{"line":5,"column":27},"end":{"line":64,"column":1}},"line":5},"1":{"name":"(anonymous_1)","decl":{"start":{"line":9,"column":12},"end":{"line":9,"column":13}},"loc":{"start":{"line":9,"column":18},"end":{"line":31,"column":3}},"line":9},"2":{"name":"(anonymous_2)","decl":{"start":{"line":11,"column":22},"end":{"line":11,"column":23}},"loc":{"start":{"line":11,"column":34},"end":{"line":28,"column":5}},"line":11},"3":{"name":"(anonymous_3)","decl":{"start":{"line":19,"column":12},"end":{"line":19,"column":13}},"loc":{"start":{"line":19,"column":22},"end":{"line":19,"column":57}},"line":19},"4":{"name":"(anonymous_4)","decl":{"start":{"line":33,"column":25},"end":{"line":33,"column":26}},"loc":{"start":{"line":33,"column":34},"end":{"line":35,"column":3}},"line":33},"5":{"name":"(anonymous_5)","decl":{"start":{"line":44,"column":19},"end":{"line":44,"column":20}},"loc":{"start":{"line":45,"column":12},"end":{"line":58,"column":17}},"line":45},"6":{"name":"(anonymous_6)","decl":{"start":{"line":45,"column":58},"end":{"line":45,"column":59}},"loc":{"start":{"line":45,"column":64},"end":{"line":45,"column":83}},"line":45}},"branchMap":{"0":{"loc":{"start":{"line":16,"column":8},"end":{"line":24,"column":9}},"type":"if","locations":[{"start":{"line":16,"column":8},"end":{"line":24,"column":9}},{"start":{"line":22,"column":15},"end":{"line":24,"column":9}}],"line":16},"1":{"loc":{"start":{"line":34,"column":19},"end":{"line":34,"column":51}},"type":"cond-expr","locations":[{"start":{"line":34,"column":41},"end":{"line":34,"column":45}},{"start":{"line":34,"column":48},"end":{"line":34,"column":51}}],"line":34},"2":{"loc":{"start":{"line":41,"column":9},"end":{"line":60,"column":9}},"type":"cond-expr","locations":[{"start":{"line":42,"column":10},"end":{"line":42,"column":47}},{"start":{"line":44,"column":10},"end":{"line":59,"column":12}}],"line":41},"3":{"loc":{"start":{"line":52,"column":15},"end":{"line":57,"column":15}},"type":"binary-expr","locations":[{"start":{"line":52,"column":15},"end":{"line":52,"column":34}},{"start":{"line":53,"column":16},"end":{"line":56,"column":22}}],"line":52}},"s":{"0":0,"1":0,"2":0,"3":0,"4":0,"5":0,"6":0,"7":0,"8":0,"9":0,"10":0,"11":0,"12":0,"13":0,"14":0,"15":0,"16":0,"17":0},"f":{"0":0,"1":0,"2":0,"3":0,"4":0,"5":0,"6":0},"b":{"0":[0,0],"1":[0,0],"2":[0,0],"3":[0,0]}}
,"/Users/J.Bhatt/Desktop/Personal/Projects/ASD-Zenith_Bank/client/src/TransferDeposit.js": {"path":"/Users/J.Bhatt/Desktop/Personal/Projects/ASD-Zenith_Bank/client/src/TransferDeposit.js","statementMap":{"0":{"start":{"line":8,"column":24},"end":{"line":12,"column":1}},"1":{"start":{"line":15,"column":48},"end":{"line":15,"column":68}},"2":{"start":{"line":16,"column":36},"end":{"line":16,"column":48}},"3":{"start":{"line":17,"column":30},"end":{"line":17,"column":42}},"4":{"start":{"line":18,"column":42},"end":{"line":18,"column":54}},"5":{"start":{"line":19,"column":44},"end":{"line":19,"column":58}},"6":{"start":{"line":20,"column":54},"end":{"line":20,"column":66}},"7":{"start":{"line":21,"column":42},"end":{"line":21,"column":57}},"8":{"start":{"line":22,"column":42},"end":{"line":22,"column":54}},"9":{"start":{"line":23,"column":56},"end":{"line":23,"column":71}},"10":{"start":{"line":24,"column":19},"end":{"line":24,"column":32}},"11":{"start":{"line":27,"column":28},"end":{"line":60,"column":3}},"12":{"start":{"line":28,"column":4},"end":{"line":32,"column":5}},"13":{"start":{"line":29,"column":6},"end":{"line":29,"column":76}},"14":{"start":{"line":30,"column":6},"end":{"line":30,"column":28}},"15":{"start":{"line":31,"column":6},"end":{"line":31,"column":13}},"16":{"start":{"line":34,"column":27},"end":{"line":40,"column":5}},"17":{"start":{"line":39,"column":109},"end":{"line":39,"column":127}},"18":{"start":{"line":42,"column":4},"end":{"line":59,"column":5}},"19":{"start":{"line":44,"column":6},"end":{"line":44,"column":74}},"20":{"start":{"line":45,"column":6},"end":{"line":45,"column":69}},"21":{"start":{"line":46,"column":6},"end":{"line":46,"column":122}},"22":{"start":{"line":47,"column":6},"end":{"line":47,"column":28}},"23":{"start":{"line":50,"column":6},"end":{"line":50,"column":23}},"24":{"start":{"line":51,"column":6},"end":{"line":51,"column":26}},"25":{"start":{"line":52,"column":6},"end":{"line":52,"column":20}},"26":{"start":{"line":53,"column":6},"end":{"line":53,"column":29}},"27":{"start":{"line":54,"column":6},"end":{"line":54,"column":36}},"28":{"start":{"line":56,"column":6},"end":{"line":56,"column":59}},"29":{"start":{"line":57,"column":6},"end":{"line":57,"column":63}},"30":{"start":{"line":58,"column":6},"end":{"line":58,"column":28}},"31":{"start":{"line":63,"column":32},"end":{"line":71,"column":3}},"32":{"start":{"line":64,"column":4},"end":{"line":70,"column":5}},"33":{"start":{"line":65,"column":6},"end":{"line":65,"column":35}},"34":{"start":{"line":66,"column":6},"end":{"line":66,"column":23}},"35":{"start":{"line":68,"column":6},"end":{"line":68,"column":35}},"36":{"start":{"line":69,"column":6},"end":{"line":69,"column":36}},"37":{"start":{"line":73,"column":2},"end":{"line":180,"column":4}},"38":{"start":{"line":80,"column":64},"end":{"line":80,"column":76}},"39":{"start":{"line":90,"column":63},"end":{"line":90,"column":97}},"40":{"start":{"line":105,"column":20},"end":{"line":107,"column":31}},"41":{"start":{"line":119,"column":33},"end":{"line":119,"column":64}},"42":{"start":{"line":130,"column":31},"end":{"line":130,"column":56}},"43":{"start":{"line":141,"column":37},"end":{"line":141,"column":62}},"44":{"start":{"line":142,"column":39},"end":{"line":142,"column":89}},"45":{"start":{"line":161,"column":18},"end":{"line":165,"column":24}},"46":{"start":{"line":174,"column":75},"end":{"line":174,"column":97}}},"fnMap":{"0":{"name":"TransferDeposit","decl":{"start":{"line":14,"column":9},"end":{"line":14,"column":24}},"loc":{"start":{"line":14,"column":37},"end":{"line":181,"column":1}},"line":14},"1":{"name":"(anonymous_1)","decl":{"start":{"line":27,"column":28},"end":{"line":27,"column":29}},"loc":{"start":{"line":27,"column":40},"end":{"line":60,"column":3}},"line":27},"2":{"name":"(anonymous_2)","decl":{"start":{"line":39,"column":102},"end":{"line":39,"column":103}},"loc":{"start":{"line":39,"column":109},"end":{"line":39,"column":127}},"line":39},"3":{"name":"(anonymous_3)","decl":{"start":{"line":63,"column":32},"end":{"line":63,"column":33}},"loc":{"start":{"line":63,"column":39},"end":{"line":71,"column":3}},"line":63},"4":{"name":"(anonymous_4)","decl":{"start":{"line":80,"column":58},"end":{"line":80,"column":59}},"loc":{"start":{"line":80,"column":64},"end":{"line":80,"column":76}},"line":80},"5":{"name":"(anonymous_5)","decl":{"start":{"line":90,"column":56},"end":{"line":90,"column":57}},"loc":{"start":{"line":90,"column":63},"end":{"line":90,"column":97}},"line":90},"6":{"name":"(anonymous_6)","decl":{"start":{"line":104,"column":39},"end":{"line":104,"column":40}},"loc":{"start":{"line":105,"column":20},"end":{"line":107,"column":31}},"line":105},"7":{"name":"(anonymous_7)","decl":{"start":{"line":119,"column":26},"end":{"line":119,"column":27}},"loc":{"start":{"line":119,"column":33},"end":{"line":119,"column":64}},"line":119},"8":{"name":"(anonymous_8)","decl":{"start":{"line":130,"column":24},"end":{"line":130,"column":25}},"loc":{"start":{"line":130,"column":31},"end":{"line":130,"column":56}},"line":130},"9":{"name":"(anonymous_9)","decl":{"start":{"line":141,"column":24},"end":{"line":141,"column":25}},"loc":{"start":{"line":141,"column":37},"end":{"line":141,"column":62}},"line":141},"10":{"name":"(anonymous_10)","decl":{"start":{"line":142,"column":27},"end":{"line":142,"column":28}},"loc":{"start":{"line":142,"column":39},"end":{"line":142,"column":89}},"line":142},"11":{"name":"(anonymous_11)","decl":{"start":{"line":160,"column":39},"end":{"line":160,"column":40}},"loc":{"start":{"line":161,"column":18},"end":{"line":165,"column":24}},"line":161},"12":{"name":"(anonymous_12)","decl":{"start":{"line":174,"column":69},"end":{"line":174,"column":70}},"loc":{"start":{"line":174,"column":75},"end":{"line":174,"column":97}},"line":174}},"branchMap":{"0":{"loc":{"start":{"line":28,"column":4},"end":{"line":32,"column":5}},"type":"if","locations":[{"start":{"line":28,"column":4},"end":{"line":32,"column":5}},{"start":{},"end":{}}],"line":28},"1":{"loc":{"start":{"line":28,"column":8},"end":{"line":28,"column":97}},"type":"binary-expr","locations":[{"start":{"line":28,"column":8},"end":{"line":28,"column":15}},{"start":{"line":28,"column":19},"end":{"line":28,"column":30}},{"start":{"line":28,"column":35},"end":{"line":28,"column":65}},{"start":{"line":28,"column":69},"end":{"line":28,"column":79}},{"start":{"line":28,"column":83},"end":{"line":28,"column":96}}],"line":28},"2":{"loc":{"start":{"line":37,"column":12},"end":{"line":37,"column":96}},"type":"cond-expr","locations":[{"start":{"line":37,"column":28},"end":{"line":37,"column":62}},{"start":{"line":37,"column":65},"end":{"line":37,"column":96}}],"line":37},"3":{"loc":{"start":{"line":38,"column":16},"end":{"line":38,"column":71}},"type":"cond-expr","locations":[{"start":{"line":38,"column":49},"end":{"line":38,"column":59}},{"start":{"line":38,"column":62},"end":{"line":38,"column":71}}],"line":38},"4":{"loc":{"start":{"line":39,"column":17},"end":{"line":39,"column":143}},"type":"cond-expr","locations":[{"start":{"line":39,"column":51},"end":{"line":39,"column":133}},{"start":{"line":39,"column":137},"end":{"line":39,"column":143}}],"line":39},"5":{"loc":{"start":{"line":39,"column":51},"end":{"line":39,"column":133}},"type":"cond-expr","locations":[{"start":{"line":39,"column":66},"end":{"line":39,"column":78}},{"start":{"line":39,"column":81},"end":{"line":39,"column":133}}],"line":39},"6":{"loc":{"start":{"line":46,"column":25},"end":{"line":46,"column":80}},"type":"cond-expr","locations":[{"start":{"line":46,"column":58},"end":{"line":46,"column":68}},{"start":{"line":46,"column":71},"end":{"line":46,"column":80}}],"line":46},"7":{"loc":{"start":{"line":64,"column":4},"end":{"line":70,"column":5}},"type":"if","locations":[{"start":{"line":64,"column":4},"end":{"line":70,"column":5}},{"start":{"line":67,"column":11},"end":{"line":70,"column":5}}],"line":64},"8":{"loc":{"start":{"line":97,"column":13},"end":{"line":112,"column":13}},"type":"binary-expr","locations":[{"start":{"line":97,"column":13},"end":{"line":97,"column":43}},{"start":{"line":98,"column":14},"end":{"line":111,"column":28}}],"line":97},"9":{"loc":{"start":{"line":115,"column":13},"end":{"line":124,"column":13}},"type":"binary-expr","locations":[{"start":{"line":115,"column":13},"end":{"line":115,"column":32}},{"start":{"line":115,"column":36},"end":{"line":115,"column":66}},{"start":{"line":116,"column":14},"end":{"line":123,"column":16}}],"line":115},"10":{"loc":{"start":{"line":147,"column":15},"end":{"line":147,"column":70}},"type":"cond-expr","locations":[{"start":{"line":147,"column":48},"end":{"line":147,"column":58}},{"start":{"line":147,"column":61},"end":{"line":147,"column":70}}],"line":147},"11":{"loc":{"start":{"line":157,"column":15},"end":{"line":167,"column":15}},"type":"cond-expr","locations":[{"start":{"line":158,"column":16},"end":{"line":158,"column":77}},{"start":{"line":160,"column":16},"end":{"line":166,"column":18}}],"line":157},"12":{"loc":{"start":{"line":163,"column":36},"end":{"line":163,"column":104}},"type":"cond-expr","locations":[{"start":{"line":163,"column":62},"end":{"line":163,"column":92}},{"start":{"line":163,"column":95},"end":{"line":163,"column":104}}],"line":163}},"s":{"0":0,"1":0,"2":0,"3":0,"4":0,"5":0,"6":0,"7":0,"8":0,"9":0,"10":0,"11":0,"12":0,"13":0,"14":0,"15":0,"16":0,"17":0,"18":0,"19":0,"20":0,"21":0,"22":0,"23":0,"24":0,"25":0,"26":0,"27":0,"28":0,"29":0,"30":0,"31":0,"32":0,"33":0,"34":0,"35":0,"36":0,"37":0,"38":0,"39":0,"40":0,"41":0,"42":0,"43":0,"44":0,"45":0,"46":0},"f":{"0":0,"1":0,"2":0,"3":0,"4":0,"5":0,"6":0,"7":0,"8":0,"9":0,"10":0,"11":0,"12":0},"b":{"0":[0,0],"1":[0,0,0,0,0],"2":[0,0],"3":[0,0],"4":[0,0],"5":[0,0],"6":[0,0],"7":[0,0],"8":[0,0],"9":[0,0,0],"10":[0,0],"11":[0,0],"12":[0,0]}}
,"/Users/J.Bhatt/Desktop/Personal/Projects/ASD-Zenith_Bank/client/src/index.js": {"path":"/Users/J.Bhatt/Desktop/Personal/Projects/ASD-Zenith_Bank/client/src/index.js","statementMap":{"0":{"start":{"line":6,"column":0},"end":{"line":11,"column":2}}},"fnMap":{},"branchMap":{},"s":{"0":0},"f":{},"b":{}}
}
