TN:
SF:src/App.js
FN:24,App
FNF:1
FNH:0
FNDA:0,App
DA:13,0
DA:25,0
LF:2
LH:0
BRF:0
BRH:0
end_of_record
TN:
SF:src/BankStatement.js
FN:12,BankStatement
FN:31,(anonymous_1)
FN:40,(anonymous_2)
FN:41,(anonymous_3)
FN:50,(anonymous_4)
FN:56,(anonymous_5)
FN:61,(anonymous_6)
FN:80,(anonymous_7)
FN:93,(anonymous_8)
FN:120,(anonymous_9)
FN:125,(anonymous_10)
FN:134,(anonymous_11)
FN:135,(anonymous_12)
FN:139,(anonymous_13)
FN:142,(anonymous_14)
FN:249,(anonymous_15)
FN:259,(anonymous_16)
FN:274,(anonymous_17)
FNF:18
FNH:0
FNDA:0,BankStatement
FNDA:0,(anonymous_1)
FNDA:0,(anonymous_2)
FNDA:0,(anonymous_3)
FNDA:0,(anonymous_4)
FNDA:0,(anonymous_5)
FNDA:0,(anonymous_6)
FNDA:0,(anonymous_7)
FNDA:0,(anonymous_8)
FNDA:0,(anonymous_9)
FNDA:0,(anonymous_10)
FNDA:0,(anonymous_11)
FNDA:0,(anonymous_12)
FNDA:0,(anonymous_13)
FNDA:0,(anonymous_14)
FNDA:0,(anonymous_15)
FNDA:0,(anonymous_16)
FNDA:0,(anonymous_17)
DA:10,0
DA:13,0
DA:14,0
DA:15,0
DA:16,0
DA:17,0
DA:20,0
DA:21,0
DA:22,0
DA:25,0
DA:28,0
DA:31,0
DA:32,0
DA:33,0
DA:35,0
DA:36,0
DA:39,0
DA:40,0
DA:42,0
DA:43,0
DA:45,0
DA:46,0
DA:48,0
DA:51,0
DA:52,0
DA:56,0
DA:57,0
DA:58,0
DA:59,0
DA:61,0
DA:62,0
DA:63,0
DA:65,0
DA:66,0
DA:69,0
DA:70,0
DA:72,0
DA:76,0
DA:79,0
DA:80,0
DA:92,0
DA:93,0
DA:105,0
DA:120,0
DA:121,0
DA:125,0
DA:126,0
DA:127,0
DA:129,0
DA:134,0
DA:135,0
DA:139,0
DA:140,0
DA:142,0
DA:143,0
DA:144,0
DA:145,0
DA:146,0
DA:147,0
DA:148,0
DA:150,0
DA:153,0
DA:154,0
DA:156,0
DA:157,0
DA:158,0
DA:159,0
DA:160,0
DA:163,0
DA:167,0
DA:168,0
DA:175,0
DA:176,0
DA:185,0
DA:249,0
DA:259,0
DA:275,0
LF:77
LH:0
BRDA:31,0,0,0
BRDA:31,1,0,0
BRDA:35,2,0,0
BRDA:35,2,1,0
BRDA:35,3,0,0
BRDA:35,3,1,0
BRDA:42,4,0,0
BRDA:42,4,1,0
BRDA:65,5,0,0
BRDA:65,5,1,0
BRDA:69,6,0,0
BRDA:69,6,1,0
BRDA:126,7,0,0
BRDA:126,7,1,0
BRDA:126,8,0,0
BRDA:126,8,1,0
BRDA:167,9,0,0
BRDA:167,9,1,0
BRDA:175,10,0,0
BRDA:175,10,1,0
BRDA:270,11,0,0
BRDA:270,11,1,0
BRDA:298,12,0,0
BRDA:298,12,1,0
BRDA:301,13,0,0
BRDA:301,13,1,0
BRF:26
BRH:0
end_of_record
TN:
SF:src/CreateAccount.js
FN:4,CreateAccount
FN:8,(anonymous_1)
FN:34,(anonymous_2)
FN:48,(anonymous_3)
FNF:4
FNH:0
FNDA:0,CreateAccount
FNDA:0,(anonymous_1)
FNDA:0,(anonymous_2)
FNDA:0,(anonymous_3)
DA:5,0
DA:6,0
DA:8,0
DA:9,0
DA:11,0
DA:16,0
DA:17,0
DA:18,0
DA:19,0
DA:22,0
DA:26,0
DA:34,0
DA:48,0
LF:13
LH:0
BRDA:18,0,0,0
BRDA:18,0,1,0
BRF:2
BRH:0
end_of_record
TN:
SF:src/Home.js
FN:11,(anonymous_0)
FN:19,Home
FNF:2
FNH:0
FNDA:0,(anonymous_0)
FNDA:0,Home
DA:11,0
DA:20,0
LF:2
LH:0
BRF:0
BRH:0
end_of_record
TN:
SF:src/MonthlyStatement.js
FN:10,MonthlyStatement
FN:16,(anonymous_1)
FN:27,(anonymous_2)
FN:32,(anonymous_3)
FN:32,(anonymous_4)
FN:33,(anonymous_5)
FN:33,(anonymous_6)
FN:37,(anonymous_7)
FN:41,(anonymous_8)
FN:41,(anonymous_9)
FN:48,(anonymous_10)
FN:48,(anonymous_11)
FN:58,(anonymous_12)
FN:61,(anonymous_13)
FN:74,(anonymous_14)
FN:81,(anonymous_15)
FN:82,(anonymous_16)
FN:128,(anonymous_17)
FNF:18
FNH:0
FNDA:0,MonthlyStatement
FNDA:0,(anonymous_1)
FNDA:0,(anonymous_2)
FNDA:0,(anonymous_3)
FNDA:0,(anonymous_4)
FNDA:0,(anonymous_5)
FNDA:0,(anonymous_6)
FNDA:0,(anonymous_7)
FNDA:0,(anonymous_8)
FNDA:0,(anonymous_9)
FNDA:0,(anonymous_10)
FNDA:0,(anonymous_11)
FNDA:0,(anonymous_12)
FNDA:0,(anonymous_13)
FNDA:0,(anonymous_14)
FNDA:0,(anonymous_15)
FNDA:0,(anonymous_16)
FNDA:0,(anonymous_17)
DA:8,0
DA:11,0
DA:12,0
DA:13,0
DA:16,0
DA:17,0
DA:18,0
DA:21,0
DA:23,0
DA:27,0
DA:28,0
DA:32,0
DA:33,0
DA:36,0
DA:37,0
DA:41,0
DA:48,0
DA:57,0
DA:58,0
DA:61,0
DA:67,0
DA:74,0
DA:81,0
DA:83,0
DA:129,0
LF:25
LH:0
BRDA:131,0,0,0
BRDA:131,0,1,0
BRDA:133,1,0,0
BRDA:133,1,1,0
BRF:4
BRH:0
end_of_record
TN:
SF:src/TransactionHistory.js
FN:4,TransactionHistory
FN:7,(anonymous_1)
FNF:2
FNH:0
FNDA:0,TransactionHistory
FNDA:0,(anonymous_1)
DA:5,0
DA:8,0
LF:2
LH:0
BRDA:13,0,0,0
BRDA:13,0,1,0
BRDA:15,1,0,0
BRDA:15,1,1,0
BRF:4
BRH:0
end_of_record
TN:
SF:src/TransactionLogs.js
FN:5,TransactionLogs
FN:9,(anonymous_1)
FN:11,(anonymous_2)
FN:19,(anonymous_3)
FN:33,(anonymous_4)
FN:44,(anonymous_5)
FN:45,(anonymous_6)
FNF:7
FNH:0
FNDA:0,TransactionLogs
FNDA:0,(anonymous_1)
FNDA:0,(anonymous_2)
FNDA:0,(anonymous_3)
FNDA:0,(anonymous_4)
FNDA:0,(anonymous_5)
FNDA:0,(anonymous_6)
DA:6,0
DA:7,0
DA:9,0
DA:11,0
DA:12,0
DA:13,0
DA:16,0
DA:18,0
DA:19,0
DA:21,0
DA:23,0
DA:26,0
DA:30,0
DA:33,0
DA:34,0
DA:37,0
DA:45,0
LF:17
LH:0
BRDA:16,0,0,0
BRDA:16,0,1,0
BRDA:34,1,0,0
BRDA:34,1,1,0
BRDA:41,2,0,0
BRDA:41,2,1,0
BRDA:52,3,0,0
BRDA:52,3,1,0
BRF:8
BRH:0
end_of_record
TN:
SF:src/TransferDeposit.js
FN:14,TransferDeposit
FN:27,(anonymous_1)
FN:39,(anonymous_2)
FN:63,(anonymous_3)
FN:80,(anonymous_4)
FN:90,(anonymous_5)
FN:104,(anonymous_6)
FN:119,(anonymous_7)
FN:130,(anonymous_8)
FN:141,(anonymous_9)
FN:142,(anonymous_10)
FN:160,(anonymous_11)
FN:174,(anonymous_12)
FNF:13
FNH:0
FNDA:0,TransferDeposit
FNDA:0,(anonymous_1)
FNDA:0,(anonymous_2)
FNDA:0,(anonymous_3)
FNDA:0,(anonymous_4)
FNDA:0,(anonymous_5)
FNDA:0,(anonymous_6)
FNDA:0,(anonymous_7)
FNDA:0,(anonymous_8)
FNDA:0,(anonymous_9)
FNDA:0,(anonymous_10)
FNDA:0,(anonymous_11)
FNDA:0,(anonymous_12)
DA:8,0
DA:15,0
DA:16,0
DA:17,0
DA:18,0
DA:19,0
DA:20,0
DA:21,0
DA:22,0
DA:23,0
DA:24,0
DA:27,0
DA:28,0
DA:29,0
DA:30,0
DA:31,0
DA:34,0
DA:39,0
DA:42,0
DA:44,0
DA:45,0
DA:46,0
DA:47,0
DA:50,0
DA:51,0
DA:52,0
DA:53,0
DA:54,0
DA:56,0
DA:57,0
DA:58,0
DA:63,0
DA:64,0
DA:65,0
DA:66,0
DA:68,0
DA:69,0
DA:73,0
DA:80,0
DA:90,0
DA:105,0
DA:119,0
DA:130,0
DA:141,0
DA:142,0
DA:161,0
DA:174,0
LF:47
LH:0
BRDA:28,0,0,0
BRDA:28,0,1,0
BRDA:28,1,0,0
BRDA:28,1,1,0
BRDA:28,1,2,0
BRDA:28,1,3,0
BRDA:28,1,4,0
BRDA:37,2,0,0
BRDA:37,2,1,0
BRDA:38,3,0,0
BRDA:38,3,1,0
BRDA:39,4,0,0
BRDA:39,4,1,0
BRDA:39,5,0,0
BRDA:39,5,1,0
BRDA:46,6,0,0
BRDA:46,6,1,0
BRDA:64,7,0,0
BRDA:64,7,1,0
BRDA:97,8,0,0
BRDA:97,8,1,0
BRDA:115,9,0,0
BRDA:115,9,1,0
BRDA:115,9,2,0
BRDA:147,10,0,0
BRDA:147,10,1,0
BRDA:157,11,0,0
BRDA:157,11,1,0
BRDA:163,12,0,0
BRDA:163,12,1,0
BRF:30
BRH:0
end_of_record
TN:
SF:src/index.js
FNF:0
FNH:0
DA:6,0
LF:1
LH:0
BRF:0
BRH:0
end_of_record
